<?xml version="1.0" encoding="UTF-8"?>
<!-- Generated by org.testng.reporters.JUnitReportReporter -->
<testsuite hostname="DESKTOP-ML5KD1B" failures="0" tests="10" name="com.example.restservice.CopterControllerTests" time="0.403" errors="0" timestamp="2020-12-15T08:56:12 EET" skipped="0">
  <testcase classname="com.example.restservice.CopterControllerTests" name="testDataProvidedCopter" time="0.030"/>
  <system-out/>
  <testcase classname="com.example.restservice.CopterControllerTests" name="testDataProvidedCopter" time="0.028"/>
  <system-out/>
  <testcase classname="com.example.restservice.CopterControllerTests" name="testDataProvidedCopter" time="0.053"/>
  <system-out/>
  <testcase classname="com.example.restservice.CopterControllerTests" name="testDataProvidedCopter" time="0.022"/>
  <system-out/>
  <testcase classname="com.example.restservice.CopterControllerTests" name="testDataProvidedCopter" time="0.038"/>
  <system-out/>
  <testcase classname="com.example.restservice.CopterControllerTests" name="testDataProvidedCopter" time="0.020"/>
  <system-out/>
  <testcase classname="com.example.restservice.CopterControllerTests" name="testDataProvidedCopter" time="0.029"/>
  <system-out/>
  <testcase classname="com.example.restservice.CopterControllerTests" name="testDataProvidedCopter" time="0.020"/>
  <system-out/>
  <testcase classname="com.example.restservice.CopterControllerTests" name="testDataProvidedCopter" time="0.115"/>
  <system-out/>
  <testcase classname="com.example.restservice.CopterControllerTests" name="testDataProvidedCopter" time="0.048"/>
  <system-out/>
</testsuite> <!-- com.example.restservice.CopterControllerTests -->
